2022/05/04 10:59:24 [emerg] 1#1: open() "/var/log/jonwai/access.log" failed (2: No such file or directory)
2022/05/04 11:00:01 [emerg] 1#1: open() "/var/log/jonwai/access.log" failed (2: No such file or directory)
2022/05/04 11:00:32 [emerg] 1#1: open() "/var/log/jonwai/access.log" failed (2: No such file or directory)
2022/05/04 11:02:09 [notice] 1#1: using the "epoll" event method
2022/05/04 11:02:09 [notice] 1#1: nginx/1.21.6
2022/05/04 11:02:09 [notice] 1#1: built by gcc 10.2.1 20210110 (Debian 10.2.1-6) 
2022/05/04 11:02:09 [notice] 1#1: OS: Linux 5.10.104-linuxkit
2022/05/04 11:02:09 [notice] 1#1: getrlimit(RLIMIT_NOFILE): 1048576:1048576
2022/05/04 11:02:09 [notice] 1#1: start worker processes
2022/05/04 11:02:09 [notice] 1#1: start worker process 22
2022/05/04 11:02:09 [notice] 1#1: start worker process 23
2022/05/04 11:07:10 [notice] 1#1: signal 3 (SIGQUIT) received, shutting down
2022/05/04 11:07:10 [notice] 23#23: gracefully shutting down
2022/05/04 11:07:10 [notice] 23#23: exiting
2022/05/04 11:07:10 [notice] 22#22: gracefully shutting down
2022/05/04 11:07:10 [notice] 22#22: exiting
2022/05/04 11:07:10 [notice] 23#23: exit
2022/05/04 11:07:10 [notice] 22#22: exit
2022/05/04 11:07:10 [notice] 1#1: signal 17 (SIGCHLD) received from 23
2022/05/04 11:07:10 [notice] 1#1: worker process 23 exited with code 0
2022/05/04 11:07:10 [notice] 1#1: worker process 22 exited with code 0
2022/05/04 11:07:10 [notice] 1#1: exit
2022/05/04 11:07:47 [notice] 1#1: using the "epoll" event method
2022/05/04 11:07:47 [notice] 1#1: nginx/1.21.6
2022/05/04 11:07:47 [notice] 1#1: built by gcc 10.2.1 20210110 (Debian 10.2.1-6) 
2022/05/04 11:07:47 [notice] 1#1: OS: Linux 5.10.104-linuxkit
2022/05/04 11:07:47 [notice] 1#1: getrlimit(RLIMIT_NOFILE): 1048576:1048576
2022/05/04 11:07:47 [notice] 1#1: start worker processes
2022/05/04 11:07:47 [notice] 1#1: start worker process 22
2022/05/04 11:07:47 [notice] 1#1: start worker process 23
2022/05/05 02:44:58 [notice] 1#1: using the "epoll" event method
2022/05/05 02:44:58 [notice] 1#1: nginx/1.21.6
2022/05/05 02:44:58 [notice] 1#1: built by gcc 10.2.1 20210110 (Debian 10.2.1-6) 
2022/05/05 02:44:58 [notice] 1#1: OS: Linux 5.10.104-linuxkit
2022/05/05 02:44:58 [notice] 1#1: getrlimit(RLIMIT_NOFILE): 1048576:1048576
2022/05/05 02:44:58 [notice] 1#1: start worker processes
2022/05/05 02:44:58 [notice] 1#1: start worker process 23
2022/05/05 02:44:58 [notice] 1#1: start worker process 24
2022/05/05 03:02:03 [notice] 1#1: signal 3 (SIGQUIT) received, shutting down
2022/05/05 03:02:03 [notice] 24#24: gracefully shutting down
2022/05/05 03:02:03 [notice] 23#23: gracefully shutting down
2022/05/05 03:02:03 [notice] 23#23: exiting
2022/05/05 03:02:03 [notice] 24#24: exiting
2022/05/05 03:02:03 [notice] 23#23: exit
2022/05/05 03:02:03 [notice] 24#24: exit
2022/05/05 03:02:03 [notice] 1#1: signal 17 (SIGCHLD) received from 23
2022/05/05 03:02:03 [notice] 1#1: worker process 23 exited with code 0
2022/05/05 03:02:03 [notice] 1#1: signal 29 (SIGIO) received
2022/05/05 03:02:03 [notice] 1#1: signal 17 (SIGCHLD) received from 24
2022/05/05 03:02:03 [notice] 1#1: worker process 24 exited with code 0
2022/05/05 03:02:03 [notice] 1#1: exit
2022/05/05 03:02:16 [notice] 1#1: using the "epoll" event method
2022/05/05 03:02:16 [notice] 1#1: nginx/1.21.6
2022/05/05 03:02:16 [notice] 1#1: built by gcc 10.2.1 20210110 (Debian 10.2.1-6) 
2022/05/05 03:02:16 [notice] 1#1: OS: Linux 5.10.104-linuxkit
2022/05/05 03:02:16 [notice] 1#1: getrlimit(RLIMIT_NOFILE): 1048576:1048576
2022/05/05 03:02:16 [notice] 1#1: start worker processes
2022/05/05 03:02:16 [notice] 1#1: start worker process 22
2022/05/05 03:02:16 [notice] 1#1: start worker process 23
2022/05/05 05:56:43 [notice] 1#1: signal 3 (SIGQUIT) received, shutting down
2022/05/05 05:56:43 [notice] 23#23: gracefully shutting down
2022/05/05 05:56:43 [notice] 23#23: exiting
2022/05/05 05:56:43 [notice] 22#22: gracefully shutting down
2022/05/05 05:56:43 [notice] 23#23: exit
2022/05/05 05:56:43 [notice] 22#22: exiting
2022/05/05 05:56:43 [notice] 22#22: exit
2022/05/05 05:56:43 [notice] 1#1: signal 17 (SIGCHLD) received from 23
2022/05/05 05:56:43 [notice] 1#1: worker process 23 exited with code 0
2022/05/05 05:56:43 [notice] 1#1: signal 29 (SIGIO) received
2022/05/05 05:56:43 [notice] 1#1: signal 17 (SIGCHLD) received from 22
2022/05/05 05:56:43 [notice] 1#1: worker process 22 exited with code 0
2022/05/05 05:56:43 [notice] 1#1: exit
2022/05/05 07:16:54 [notice] 1#1: using the "epoll" event method
2022/05/05 07:16:54 [notice] 1#1: nginx/1.21.6
2022/05/05 07:16:54 [notice] 1#1: built by gcc 10.2.1 20210110 (Debian 10.2.1-6) 
2022/05/05 07:16:54 [notice] 1#1: OS: Linux 5.10.104-linuxkit
2022/05/05 07:16:54 [notice] 1#1: getrlimit(RLIMIT_NOFILE): 1048576:1048576
2022/05/05 07:16:54 [notice] 1#1: start worker processes
2022/05/05 07:16:54 [notice] 1#1: start worker process 22
2022/05/05 07:16:54 [notice] 1#1: start worker process 23
2022/05/05 07:26:48 [notice] 1#1: signal 3 (SIGQUIT) received, shutting down
2022/05/05 07:26:48 [notice] 23#23: gracefully shutting down
2022/05/05 07:26:48 [notice] 23#23: exiting
2022/05/05 07:26:48 [notice] 22#22: gracefully shutting down
2022/05/05 07:26:48 [notice] 22#22: exiting
2022/05/05 07:26:48 [notice] 23#23: exit
2022/05/05 07:26:48 [notice] 22#22: exit
2022/05/05 07:26:48 [notice] 1#1: signal 17 (SIGCHLD) received from 23
2022/05/05 07:26:48 [notice] 1#1: worker process 23 exited with code 0
2022/05/05 07:26:48 [notice] 1#1: signal 29 (SIGIO) received
2022/05/05 07:26:48 [notice] 1#1: signal 17 (SIGCHLD) received from 22
2022/05/05 07:26:48 [notice] 1#1: worker process 22 exited with code 0
2022/05/05 07:26:48 [notice] 1#1: exit
2022/05/05 08:03:22 [notice] 1#1: using the "epoll" event method
2022/05/05 08:03:22 [notice] 1#1: nginx/1.21.6
2022/05/05 08:03:22 [notice] 1#1: built by gcc 10.2.1 20210110 (Debian 10.2.1-6) 
2022/05/05 08:03:22 [notice] 1#1: OS: Linux 5.10.104-linuxkit
2022/05/05 08:03:22 [notice] 1#1: getrlimit(RLIMIT_NOFILE): 1048576:1048576
2022/05/05 08:03:22 [notice] 1#1: start worker processes
2022/05/05 08:03:22 [notice] 1#1: start worker process 22
2022/05/05 08:03:22 [notice] 1#1: start worker process 23
2022/05/05 08:31:30 [notice] 1#1: signal 3 (SIGQUIT) received, shutting down
2022/05/05 08:31:30 [notice] 22#22: gracefully shutting down
2022/05/05 08:31:30 [notice] 23#23: gracefully shutting down
2022/05/05 08:31:30 [notice] 22#22: exiting
2022/05/05 08:31:30 [notice] 23#23: exiting
2022/05/05 08:31:30 [notice] 23#23: exit
2022/05/05 08:31:30 [notice] 22#22: exit
2022/05/05 08:31:30 [notice] 1#1: signal 17 (SIGCHLD) received from 23
2022/05/05 08:31:30 [notice] 1#1: worker process 23 exited with code 0
2022/05/05 08:31:30 [notice] 1#1: worker process 22 exited with code 0
2022/05/05 08:31:30 [notice] 1#1: exit
2022/05/05 08:44:14 [notice] 1#1: using the "epoll" event method
2022/05/05 08:44:14 [notice] 1#1: nginx/1.21.6
2022/05/05 08:44:14 [notice] 1#1: built by gcc 10.2.1 20210110 (Debian 10.2.1-6) 
2022/05/05 08:44:14 [notice] 1#1: OS: Linux 5.10.104-linuxkit
2022/05/05 08:44:14 [notice] 1#1: getrlimit(RLIMIT_NOFILE): 1048576:1048576
2022/05/05 08:44:14 [notice] 1#1: start worker processes
2022/05/05 08:44:14 [notice] 1#1: start worker process 22
2022/05/05 08:44:14 [notice] 1#1: start worker process 23
2022/05/05 09:04:36 [notice] 1#1: using the "epoll" event method
2022/05/05 09:04:36 [notice] 1#1: nginx/1.21.6
2022/05/05 09:04:36 [notice] 1#1: built by gcc 10.2.1 20210110 (Debian 10.2.1-6) 
2022/05/05 09:04:36 [notice] 1#1: OS: Linux 5.10.104-linuxkit
2022/05/05 09:04:36 [notice] 1#1: getrlimit(RLIMIT_NOFILE): 1048576:1048576
2022/05/05 09:04:36 [notice] 1#1: start worker processes
2022/05/05 09:04:36 [notice] 1#1: start worker process 22
2022/05/05 09:04:36 [notice] 1#1: start worker process 23
2022/05/05 12:40:34 [notice] 1#1: signal 3 (SIGQUIT) received, shutting down
2022/05/05 12:40:34 [notice] 22#22: gracefully shutting down
2022/05/05 12:40:34 [notice] 22#22: exiting
2022/05/05 12:40:34 [notice] 23#23: gracefully shutting down
2022/05/05 12:40:34 [notice] 23#23: exiting
2022/05/05 12:40:34 [notice] 22#22: exit
2022/05/05 12:40:34 [notice] 23#23: exit
2022/05/05 12:40:34 [notice] 1#1: signal 17 (SIGCHLD) received from 22
2022/05/05 12:40:34 [notice] 1#1: worker process 22 exited with code 0
2022/05/05 12:40:34 [notice] 1#1: worker process 23 exited with code 0
2022/05/05 12:40:35 [notice] 1#1: exit
2022/05/06 02:22:25 [notice] 1#1: using the "epoll" event method
2022/05/06 02:22:25 [notice] 1#1: nginx/1.21.6
2022/05/06 02:22:25 [notice] 1#1: built by gcc 10.2.1 20210110 (Debian 10.2.1-6) 
2022/05/06 02:22:25 [notice] 1#1: OS: Linux 5.10.104-linuxkit
2022/05/06 02:22:25 [notice] 1#1: getrlimit(RLIMIT_NOFILE): 1048576:1048576
2022/05/06 02:22:25 [notice] 1#1: start worker processes
2022/05/06 02:22:25 [notice] 1#1: start worker process 21
2022/05/06 02:22:25 [notice] 1#1: start worker process 22
2022/05/06 12:35:06 [notice] 1#1: signal 3 (SIGQUIT) received, shutting down
2022/05/06 12:35:06 [notice] 22#22: gracefully shutting down
2022/05/06 12:35:06 [notice] 21#21: gracefully shutting down
2022/05/06 12:35:06 [notice] 22#22: exiting
2022/05/06 12:35:06 [notice] 21#21: exiting
2022/05/06 12:35:06 [notice] 22#22: exit
2022/05/06 12:35:06 [notice] 21#21: exit
2022/05/06 12:35:06 [notice] 1#1: signal 17 (SIGCHLD) received from 21
2022/05/06 12:35:06 [notice] 1#1: worker process 21 exited with code 0
2022/05/06 12:35:06 [notice] 1#1: signal 29 (SIGIO) received
2022/05/06 12:35:06 [notice] 1#1: signal 17 (SIGCHLD) received from 22
2022/05/06 12:35:06 [notice] 1#1: worker process 22 exited with code 0
2022/05/06 12:35:06 [notice] 1#1: exit
2022/05/09 07:22:49 [notice] 1#1: using the "epoll" event method
2022/05/09 07:22:49 [notice] 1#1: nginx/1.21.6
2022/05/09 07:22:49 [notice] 1#1: built by gcc 10.2.1 20210110 (Debian 10.2.1-6) 
2022/05/09 07:22:49 [notice] 1#1: OS: Linux 5.10.104-linuxkit
2022/05/09 07:22:49 [notice] 1#1: getrlimit(RLIMIT_NOFILE): 1048576:1048576
2022/05/09 07:22:49 [notice] 1#1: start worker processes
2022/05/09 07:22:49 [notice] 1#1: start worker process 22
2022/05/09 07:22:49 [notice] 1#1: start worker process 23
2022/05/09 07:27:18 [notice] 1#1: signal 3 (SIGQUIT) received, shutting down
2022/05/09 07:27:18 [notice] 22#22: gracefully shutting down
2022/05/09 07:27:18 [notice] 22#22: exiting
2022/05/09 07:27:18 [notice] 23#23: gracefully shutting down
2022/05/09 07:27:18 [notice] 23#23: exiting
2022/05/09 07:27:18 [notice] 22#22: exit
2022/05/09 07:27:18 [notice] 23#23: exit
2022/05/09 07:27:18 [notice] 1#1: signal 17 (SIGCHLD) received from 22
2022/05/09 07:27:18 [notice] 1#1: worker process 22 exited with code 0
2022/05/09 07:27:18 [notice] 1#1: signal 29 (SIGIO) received
2022/05/09 07:27:18 [notice] 1#1: signal 17 (SIGCHLD) received from 23
2022/05/09 07:27:18 [notice] 1#1: worker process 23 exited with code 0
2022/05/09 07:27:18 [notice] 1#1: exit
2022/05/09 07:27:30 [notice] 1#1: using the "epoll" event method
2022/05/09 07:27:30 [notice] 1#1: nginx/1.21.6
2022/05/09 07:27:30 [notice] 1#1: built by gcc 10.2.1 20210110 (Debian 10.2.1-6) 
2022/05/09 07:27:30 [notice] 1#1: OS: Linux 5.10.104-linuxkit
2022/05/09 07:27:30 [notice] 1#1: getrlimit(RLIMIT_NOFILE): 1048576:1048576
2022/05/09 07:27:30 [notice] 1#1: start worker processes
2022/05/09 07:27:30 [notice] 1#1: start worker process 22
2022/05/09 07:27:30 [notice] 1#1: start worker process 23
2022/05/09 07:42:38 [notice] 1#1: signal 3 (SIGQUIT) received, shutting down
2022/05/09 07:42:38 [notice] 23#23: gracefully shutting down
2022/05/09 07:42:38 [notice] 22#22: gracefully shutting down
2022/05/09 07:42:38 [notice] 22#22: exiting
2022/05/09 07:42:38 [notice] 23#23: exiting
2022/05/09 07:42:38 [notice] 22#22: exit
2022/05/09 07:42:38 [notice] 23#23: exit
2022/05/09 07:42:38 [notice] 1#1: signal 17 (SIGCHLD) received from 22
2022/05/09 07:42:38 [notice] 1#1: worker process 22 exited with code 0
2022/05/09 07:42:38 [notice] 1#1: signal 29 (SIGIO) received
2022/05/09 07:42:38 [notice] 1#1: signal 17 (SIGCHLD) received from 23
2022/05/09 07:42:38 [notice] 1#1: worker process 23 exited with code 0
2022/05/09 07:42:38 [notice] 1#1: exit
